Using pre-set license
Built from '2021.3/release' branch; Version is '2021.3.12f1 (8af3c3e441b1) revision 9106371'; Using compiler version '192829333'; Build Type 'Release'
OS: 'Windows 10  (10.0.19045) 64bit Core' Language: 'tr' Physical Memory: 16332 MB
BatchMode: 1, IsHumanControllingUs: 0, StartBugReporterOnCrash: 0, Is64bit: 1, IsPro: 1

COMMAND LINE ARGUMENTS:
C:\Program Files\Unity\Hub\Editor\2021.3.12f1\Editor\Unity.exe
-adb2
-batchMode
-noUpm
-name
AssetImportWorker2
-projectPath
D:/Unity Games/YENI PROJELER/2dPlatformer
-logFile
Logs/AssetImportWorker2.log
-srvPort
49824
Successfully changed project path to: D:/Unity Games/YENI PROJELER/2dPlatformer
D:/Unity Games/YENI PROJELER/2dPlatformer
[UnityMemory] Configuration Parameters - Can be set up in boot.config
    "memorysetup-bucket-allocator-granularity=16"
    "memorysetup-bucket-allocator-bucket-count=8"
    "memorysetup-bucket-allocator-block-size=33554432"
    "memorysetup-bucket-allocator-block-count=8"
    "memorysetup-main-allocator-block-size=16777216"
    "memorysetup-thread-allocator-block-size=16777216"
    "memorysetup-gfx-main-allocator-block-size=16777216"
    "memorysetup-gfx-thread-allocator-block-size=16777216"
    "memorysetup-cache-allocator-block-size=4194304"
    "memorysetup-typetree-allocator-block-size=2097152"
    "memorysetup-profiler-bucket-allocator-granularity=16"
    "memorysetup-profiler-bucket-allocator-bucket-count=8"
    "memorysetup-profiler-bucket-allocator-block-size=33554432"
    "memorysetup-profiler-bucket-allocator-block-count=8"
    "memorysetup-profiler-allocator-block-size=16777216"
    "memorysetup-profiler-editor-allocator-block-size=1048576"
    "memorysetup-temp-allocator-size-main=16777216"
    "memorysetup-job-temp-allocator-block-size=2097152"
    "memorysetup-job-temp-allocator-block-size-background=1048576"
    "memorysetup-job-temp-allocator-reduction-small-platforms=262144"
    "memorysetup-temp-allocator-size-background-worker=32768"
    "memorysetup-temp-allocator-size-job-worker=262144"
    "memorysetup-temp-allocator-size-preload-manager=33554432"
    "memorysetup-temp-allocator-size-nav-mesh-worker=65536"
    "memorysetup-temp-allocator-size-audio-worker=65536"
    "memorysetup-temp-allocator-size-cloud-worker=32768"
    "memorysetup-temp-allocator-size-gi-baking-worker=262144"
    "memorysetup-temp-allocator-size-gfx=262144"
Refreshing native plugins compatible for Editor in 150.24 ms, found 4 plugins.
Preloading 0 native plugins for Editor in 0.00 ms.
Initialize engine version: 2021.3.12f1 (8af3c3e441b1)
[Subsystems] Discovering subsystems at path C:/Program Files/Unity/Hub/Editor/2021.3.12f1/Editor/Data/Resources/UnitySubsystems
[Subsystems] Discovering subsystems at path D:/Unity Games/YENI PROJELER/2dPlatformer/Assets
GfxDevice: creating device client; threaded=0; jobified=0
Direct3D:
    Version:  Direct3D 11.0 [level 11.1]
    Renderer: Radeon RX 570 Series (ID=0x67df)
    Vendor:   ATI
    VRAM:     8170 MB
    Driver:   31.0.12027.9001
Initialize mono
Mono path[0] = 'C:/Program Files/Unity/Hub/Editor/2021.3.12f1/Editor/Data/Managed'
Mono path[1] = 'C:/Program Files/Unity/Hub/Editor/2021.3.12f1/Editor/Data/MonoBleedingEdge/lib/mono/unityjit-win32'
Mono config path = 'C:/Program Files/Unity/Hub/Editor/2021.3.12f1/Editor/Data/MonoBleedingEdge/etc'
Using monoOptions --debugger-agent=transport=dt_socket,embedding=1,server=y,suspend=n,address=127.0.0.1:56852
Begin MonoManager ReloadAssembly
Registering precompiled unity dll's ...
Register platform support module: C:/Program Files/Unity/Hub/Editor/2021.3.12f1/Editor/Data/PlaybackEngines/AndroidPlayer/UnityEditor.Android.Extensions.dll
Register platform support module: C:/Program Files/Unity/Hub/Editor/2021.3.12f1/Editor/Data/PlaybackEngines/WindowsStandaloneSupport/UnityEditor.WindowsStandalone.Extensions.dll
Registered in 0.007243 seconds.
Native extension for WindowsStandalone target not found
Native extension for Android target not found
Refreshing native plugins compatible for Editor in 159.57 ms, found 4 plugins.
Preloading 0 native plugins for Editor in 0.00 ms.
Mono: successfully reloaded assembly
- Completed reload, in  0.806 seconds
Domain Reload Profiling:
	ReloadAssembly (806ms)
		BeginReloadAssembly (78ms)
			ExecutionOrderSort (0ms)
			DisableScriptedObjects (0ms)
			BackupInstance (0ms)
			ReleaseScriptingObjects (0ms)
			CreateAndSetChildDomain (1ms)
		EndReloadAssembly (599ms)
			LoadAssemblies (76ms)
			RebuildTransferFunctionScriptingTraits (0ms)
			SetupTypeCache (117ms)
			ReleaseScriptCaches (0ms)
			RebuildScriptCaches (30ms)
			SetupLoadedEditorAssemblies (395ms)
				LogAssemblyErrors (0ms)
				InitializePlatformSupportModulesInManaged (63ms)
				SetLoadedEditorAssemblies (0ms)
				RefreshPlugins (160ms)
				BeforeProcessingInitializeOnLoad (1ms)
				ProcessInitializeOnLoadAttributes (115ms)
				ProcessInitializeOnLoadMethodAttributes (56ms)
				AfterProcessingInitializeOnLoad (0ms)
				EditorAssembliesLoaded (0ms)
			ExecutionOrderSort2 (0ms)
			AwakeInstancesAfterBackupRestoration (0ms)
Platform modules already initialized, skipping
Registering precompiled user dll's ...
Registered in 0.011725 seconds.
Begin MonoManager ReloadAssembly
Symbol file LoadedFromMemory doesn't match image D:\Unity Games\YENI PROJELER\2dPlatformer\Library\PackageCache\com.unity.visualscripting@1.7.8\Editor\VisualScripting.Core\Dependencies\YamlDotNet\Unity.VisualScripting.YamlDotNet.dll
Symbol file LoadedFromMemory doesn't match image D:\Unity Games\YENI PROJELER\2dPlatformer\Library\PackageCache\com.unity.visualscripting@1.7.8\Editor\VisualScripting.Core\Dependencies\DotNetZip\Unity.VisualScripting.IonicZip.dll
Native extension for WindowsStandalone target not found
Native extension for Android target not found
Refreshing native plugins compatible for Editor in 146.43 ms, found 4 plugins.
Preloading 0 native plugins for Editor in 0.00 ms.
System.IO.FileNotFoundException: Could not load file or assembly 'Google.VersionHandler, Version=1.2.0.0, Culture=neutral, PublicKeyToken=null' or one of its dependencies.
File name: 'Google.VersionHandler, Version=1.2.0.0, Culture=neutral, PublicKeyToken=null'
  at Facebook.Unity.Editor.AndroidSupportLibraryResolver..cctor () [0x00000] in <acca3eb40b8842389231aacd2ccd6d73>:0 
UnityEngine.StackTraceUtility:ExtractStackTrace ()
UnityEngine.DebugLogHandler:LogFormat (UnityEngine.LogType,UnityEngine.Object,string,object[])
UnityEngine.Logger:Log (UnityEngine.LogType,object)
UnityEngine.Debug:LogError (object)
UnityEditor.EditorAssemblies:ProcessInitializeOnLoadAttributes (System.Type[])

Mono: successfully reloaded assembly
- Completed reload, in  1.634 seconds
Domain Reload Profiling:
	ReloadAssembly (1635ms)
		BeginReloadAssembly (219ms)
			ExecutionOrderSort (0ms)
			DisableScriptedObjects (7ms)
			BackupInstance (0ms)
			ReleaseScriptingObjects (0ms)
			CreateAndSetChildDomain (119ms)
		EndReloadAssembly (1280ms)
			LoadAssemblies (92ms)
			RebuildTransferFunctionScriptingTraits (0ms)
			SetupTypeCache (317ms)
			ReleaseScriptCaches (1ms)
			RebuildScriptCaches (79ms)
			SetupLoadedEditorAssemblies (740ms)
				LogAssemblyErrors (0ms)
				InitializePlatformSupportModulesInManaged (14ms)
				SetLoadedEditorAssemblies (0ms)
				RefreshPlugins (147ms)
				BeforeProcessingInitializeOnLoad (131ms)
				ProcessInitializeOnLoadAttributes (333ms)
				ProcessInitializeOnLoadMethodAttributes (106ms)
				AfterProcessingInitializeOnLoad (8ms)
				EditorAssembliesLoaded (0ms)
			ExecutionOrderSort2 (0ms)
			AwakeInstancesAfterBackupRestoration (6ms)
Platform modules already initialized, skipping
========================================================================
Worker process is ready to serve import requests
Launched and connected shader compiler UnityShaderCompiler.exe after 0.05 seconds
Refreshing native plugins compatible for Editor in 1.22 ms, found 4 plugins.
Preloading 0 native plugins for Editor in 0.00 ms.
Unloading 5600 Unused Serialized files (Serialized files now loaded: 0)
Unloading 54 unused Assets / (0.7 MB). Loaded Objects now: 6078.
Memory consumption went from 219.3 MB to 218.6 MB.
Total: 4.802600 ms (FindLiveObjects: 0.468300 ms CreateObjectMapping: 0.151400 ms MarkObjects: 3.861200 ms  DeleteObjects: 0.321000 ms)

AssetImportParameters requested are different than current active one (requested -> active):
  custom:video-decoder-ogg-theora: a1e56fd34408186e4bbccfd4996cb3dc -> 
  custom:container-muxer-webm: aa71ff27fc2769a1b78a27578f13a17b -> 
  custom:container-demuxer-webm: 4f35f7cbe854078d1ac9338744f61a02 -> 
  custom:video-encoder-webm-vp8: eb34c28f22e8b96e1ab97ce403110664 -> 
  custom:audio-encoder-webm-vorbis: bf7c407c2cedff20999df2af8eb42d56 -> 
  custom:framework-win-MediaFoundation: 216162199b28c13a410421893ffa2e32 -> 
  custom:container-demuxer-ogg: 62fdf1f143b41e24485cea50d1cbac27 -> 
  custom:video-decoder-webm-vp8: 9c59270c3fd7afecdb556c50c9e8de78 -> 
  custom:audio-decoder-ogg-vorbis: bf7c407c2cedff20999df2af8eb42d56 -> 
========================================================================
Received Import Request.
  Time since last request: 527.604256 seconds.
  path: Assets/Epic Toon FX/Prefabs 2D/Blood/Red/BloodSplatDirectional2D.prefab
  artifactKey: Guid(9fc1afc1190c21b459bff8bed1d9ec02) Importer(815301076,1909f56bfc062723c751e8b465ee728b)
Start importing Assets/Epic Toon FX/Prefabs 2D/Blood/Red/BloodSplatDirectional2D.prefab using Guid(9fc1afc1190c21b459bff8bed1d9ec02) Importer(815301076,1909f56bfc062723c751e8b465ee728b)  -> (artifact id: 'f434749c6f899e4ee24292d3577b4d36') in 0.222152 seconds 
========================================================================
Received Import Request.
  Time since last request: 0.000031 seconds.
  path: Assets/Epic Toon FX/Prefabs/Combat/Blood/Red/BloodExplosionRoundAnimated.prefab
  artifactKey: Guid(01949c12a89de284792dc4b7b7128404) Importer(815301076,1909f56bfc062723c751e8b465ee728b)
Start importing Assets/Epic Toon FX/Prefabs/Combat/Blood/Red/BloodExplosionRoundAnimated.prefab using Guid(01949c12a89de284792dc4b7b7128404) Importer(815301076,1909f56bfc062723c751e8b465ee728b)  -> (artifact id: 'bc548b37301e9cde74feb4fc3bfef400') in 0.019718 seconds 
========================================================================
Received Import Request.
  Time since last request: 0.000047 seconds.
  path: Assets/Epic Toon FX/Prefabs/Combat/Blood/Green/GreenBloodSplatDirectional.prefab
  artifactKey: Guid(c80bcda92d7405f409f1c017ad680972) Importer(815301076,1909f56bfc062723c751e8b465ee728b)
Start importing Assets/Epic Toon FX/Prefabs/Combat/Blood/Green/GreenBloodSplatDirectional.prefab using Guid(c80bcda92d7405f409f1c017ad680972) Importer(815301076,1909f56bfc062723c751e8b465ee728b)  -> (artifact id: '746323101b278ca94c07e67fd7d6f946') in 0.016602 seconds 
========================================================================
Received Import Request.
  Time since last request: 0.000022 seconds.
  path: Assets/Epic Toon FX/Prefabs/Combat/Blood/Yellow/YellowBloodSplatWide.prefab
  artifactKey: Guid(9f12ed38ceb59ae43b4089bd255ab180) Importer(815301076,1909f56bfc062723c751e8b465ee728b)
Start importing Assets/Epic Toon FX/Prefabs/Combat/Blood/Yellow/YellowBloodSplatWide.prefab using Guid(9f12ed38ceb59ae43b4089bd255ab180) Importer(815301076,1909f56bfc062723c751e8b465ee728b)  -> (artifact id: 'bc16dffa89ed81ddd420a8b82fbf75fa') in 0.031172 seconds 
========================================================================
Received Import Request.
  Time since last request: 0.000022 seconds.
  path: Assets/Epic Toon FX/Prefabs 2D/Blood/Green/GreenBloodSplatDirectional2D.prefab
  artifactKey: Guid(5384d3f8b0176d243993a8f09a3978bf) Importer(815301076,1909f56bfc062723c751e8b465ee728b)
Start importing Assets/Epic Toon FX/Prefabs 2D/Blood/Green/GreenBloodSplatDirectional2D.prefab using Guid(5384d3f8b0176d243993a8f09a3978bf) Importer(815301076,1909f56bfc062723c751e8b465ee728b)  -> (artifact id: 'f72943b7c5e10d9e3ac9c212c55b4c55') in 0.016150 seconds 
========================================================================
Received Import Request.
  Time since last request: 0.000023 seconds.
  path: Assets/Epic Toon FX/Prefabs/Combat/Blood/Green/GreenBloodSplatWide.prefab
  artifactKey: Guid(22e35da3d2c81274bb1c8fd73cca399e) Importer(815301076,1909f56bfc062723c751e8b465ee728b)
Start importing Assets/Epic Toon FX/Prefabs/Combat/Blood/Green/GreenBloodSplatWide.prefab using Guid(22e35da3d2c81274bb1c8fd73cca399e) Importer(815301076,1909f56bfc062723c751e8b465ee728b)  -> (artifact id: 'e81aedcb06ee316b9e485dace17762cb') in 0.018627 seconds 
========================================================================
Received Import Request.
  Time since last request: 0.000024 seconds.
  path: Assets/Epic Toon FX/Prefabs 2D/Blood/Red/BloodDripping2D.prefab
  artifactKey: Guid(70b26805973318349bb2c60f8b37c8c3) Importer(815301076,1909f56bfc062723c751e8b465ee728b)
Start importing Assets/Epic Toon FX/Prefabs 2D/Blood/Red/BloodDripping2D.prefab using Guid(70b26805973318349bb2c60f8b37c8c3) Importer(815301076,1909f56bfc062723c751e8b465ee728b)  -> (artifact id: '462369166b4a95cf02109a54d3c8485b') in 0.020143 seconds 
========================================================================
Received Import Request.
  Time since last request: 0.000025 seconds.
  path: Assets/Epic Toon FX/Prefabs/Combat/Blood/Yellow/YellowBloodSplatWideAnimated.prefab
  artifactKey: Guid(a05d5fde67a72c646a84c9b6318405c3) Importer(815301076,1909f56bfc062723c751e8b465ee728b)
Start importing Assets/Epic Toon FX/Prefabs/Combat/Blood/Yellow/YellowBloodSplatWideAnimated.prefab using Guid(a05d5fde67a72c646a84c9b6318405c3) Importer(815301076,1909f56bfc062723c751e8b465ee728b)  -> (artifact id: '5c055552fe233b3faebde6dc96915260') in 0.092404 seconds 
========================================================================
Received Import Request.
  Time since last request: 0.000026 seconds.
  path: Assets/Epic Toon FX/Prefabs/Combat/Blood/Red/BloodDripping.prefab
  artifactKey: Guid(98e35bc5094f25441a4c3b405abf1870) Importer(815301076,1909f56bfc062723c751e8b465ee728b)
Start importing Assets/Epic Toon FX/Prefabs/Combat/Blood/Red/BloodDripping.prefab using Guid(98e35bc5094f25441a4c3b405abf1870) Importer(815301076,1909f56bfc062723c751e8b465ee728b)  -> (artifact id: '6febe7bfea6106152bb5a59a2d44ece1') in 0.035644 seconds 
========================================================================
Received Import Request.
  Time since last request: 0.000031 seconds.
  path: Assets/Epic Toon FX/Prefabs/Combat/Blood/Yellow/YellowBloodFlowing.prefab
  artifactKey: Guid(daa38997aa539a64298930238e524582) Importer(815301076,1909f56bfc062723c751e8b465ee728b)
Start importing Assets/Epic Toon FX/Prefabs/Combat/Blood/Yellow/YellowBloodFlowing.prefab using Guid(daa38997aa539a64298930238e524582) Importer(815301076,1909f56bfc062723c751e8b465ee728b)  -> (artifact id: '9f4351de61edcb4fda3dbc46b669254f') in 0.018643 seconds 
========================================================================
Received Import Request.
  Time since last request: 0.000044 seconds.
  path: Assets/Epic Toon FX/Prefabs 2D/Blood/Yellow/YellowBloodDripping2D.prefab
  artifactKey: Guid(fd5e9e4e7ff2fbe4490ead1f235e2a20) Importer(815301076,1909f56bfc062723c751e8b465ee728b)
Start importing Assets/Epic Toon FX/Prefabs 2D/Blood/Yellow/YellowBloodDripping2D.prefab using Guid(fd5e9e4e7ff2fbe4490ead1f235e2a20) Importer(815301076,1909f56bfc062723c751e8b465ee728b)  -> (artifact id: '5fc77e73b7025a09e496f3268ff7e18a') in 0.019588 seconds 
========================================================================
Received Import Request.
  Time since last request: 0.000027 seconds.
  path: Assets/Epic Toon FX/Prefabs/Combat/Blood/Green/GreenBloodPoolGrowing.prefab
  artifactKey: Guid(ae17d4a182a7e02448b4e420f9da16ea) Importer(815301076,1909f56bfc062723c751e8b465ee728b)
Start importing Assets/Epic Toon FX/Prefabs/Combat/Blood/Green/GreenBloodPoolGrowing.prefab using Guid(ae17d4a182a7e02448b4e420f9da16ea) Importer(815301076,1909f56bfc062723c751e8b465ee728b)  -> (artifact id: '17cc08551faec05513cc2276cbc00421') in 0.021620 seconds 
========================================================================
Received Import Request.
  Time since last request: 0.000037 seconds.
  path: Assets/Epic Toon FX/Prefabs/Combat/Blood/Red/BloodExplosion.prefab
  artifactKey: Guid(fdac75e990da47649b31f10049c400b0) Importer(815301076,1909f56bfc062723c751e8b465ee728b)
Start importing Assets/Epic Toon FX/Prefabs/Combat/Blood/Red/BloodExplosion.prefab using Guid(fdac75e990da47649b31f10049c400b0) Importer(815301076,1909f56bfc062723c751e8b465ee728b)  -> (artifact id: '201329eacef477bf6e7503c88d722024') in 0.017895 seconds 
========================================================================
Received Import Request.
  Time since last request: 0.000024 seconds.
  path: Assets/Epic Toon FX/Prefabs 2D/Blood/Yellow/YellowBloodSplatCritical2D.prefab
  artifactKey: Guid(ad487a21ffb7f334b914ec85242b5c7e) Importer(815301076,1909f56bfc062723c751e8b465ee728b)
Start importing Assets/Epic Toon FX/Prefabs 2D/Blood/Yellow/YellowBloodSplatCritical2D.prefab using Guid(ad487a21ffb7f334b914ec85242b5c7e) Importer(815301076,1909f56bfc062723c751e8b465ee728b)  -> (artifact id: '808ada1c4407892d28c2d946a44b8c6b') in 0.016166 seconds 
========================================================================
Received Import Request.
  Time since last request: 0.000023 seconds.
  path: Assets/Epic Toon FX/Prefabs/Combat/Blood/Green/GreenBloodSplatWideAnimated.prefab
  artifactKey: Guid(b564ed87ab8796240a8f5e7bf5f65246) Importer(815301076,1909f56bfc062723c751e8b465ee728b)
Start importing Assets/Epic Toon FX/Prefabs/Combat/Blood/Green/GreenBloodSplatWideAnimated.prefab using Guid(b564ed87ab8796240a8f5e7bf5f65246) Importer(815301076,1909f56bfc062723c751e8b465ee728b)  -> (artifact id: '732671932f6e8dda0b049ee26fedd7ff') in 0.015290 seconds 
========================================================================
Received Import Request.
  Time since last request: 0.000017 seconds.
  path: Assets/Epic Toon FX/Prefabs 2D/Blood/Yellow/YellowBloodShowerLoop2D.prefab
  artifactKey: Guid(880df82233044db42b79f928ad6df99b) Importer(815301076,1909f56bfc062723c751e8b465ee728b)
Start importing Assets/Epic Toon FX/Prefabs 2D/Blood/Yellow/YellowBloodShowerLoop2D.prefab using Guid(880df82233044db42b79f928ad6df99b) Importer(815301076,1909f56bfc062723c751e8b465ee728b)  -> (artifact id: 'e2507ad32e0c39b5c6875e93c98e8636') in 0.016382 seconds 
========================================================================
Received Import Request.
  Time since last request: 0.000023 seconds.
  path: Assets/Epic Toon FX/Prefabs/Combat/Blood/Yellow/YellowBloodExplosionSpikyAnimated.prefab
  artifactKey: Guid(57611c2489302734bbd6fa8a1ed9eae5) Importer(815301076,1909f56bfc062723c751e8b465ee728b)
Start importing Assets/Epic Toon FX/Prefabs/Combat/Blood/Yellow/YellowBloodExplosionSpikyAnimated.prefab using Guid(57611c2489302734bbd6fa8a1ed9eae5) Importer(815301076,1909f56bfc062723c751e8b465ee728b)  -> (artifact id: 'fc953cdc762718e857f945d64f480301') in 0.019377 seconds 
========================================================================
Received Import Request.
  Time since last request: 0.000033 seconds.
  path: Assets/Epic Toon FX/Prefabs/Combat/Blood/Green/GreenBloodSplatCritical.prefab
  artifactKey: Guid(685804666097ffc4a92177383378ddc8) Importer(815301076,1909f56bfc062723c751e8b465ee728b)
Start importing Assets/Epic Toon FX/Prefabs/Combat/Blood/Green/GreenBloodSplatCritical.prefab using Guid(685804666097ffc4a92177383378ddc8) Importer(815301076,1909f56bfc062723c751e8b465ee728b)  -> (artifact id: '2a4aac6337d7f48ff2dcc0a44efa4986') in 0.016101 seconds 
========================================================================
Received Import Request.
  Time since last request: 0.000024 seconds.
  path: Assets/Epic Toon FX/Prefabs/Combat/Blood/Yellow/YellowBloodSplatDirectional.prefab
  artifactKey: Guid(9f4c3badf6350684daf4343c3990d09d) Importer(815301076,1909f56bfc062723c751e8b465ee728b)
Start importing Assets/Epic Toon FX/Prefabs/Combat/Blood/Yellow/YellowBloodSplatDirectional.prefab using Guid(9f4c3badf6350684daf4343c3990d09d) Importer(815301076,1909f56bfc062723c751e8b465ee728b)  -> (artifact id: '11c7d2e25a4135ae8a1c111417386bdb') in 0.017103 seconds 
========================================================================
Received Import Request.
  Time since last request: 4.521263 seconds.
  path: Assets/Epic Toon FX/Prefabs 2D/Blood/Red/BloodSplatCritical2D.prefab
  artifactKey: Guid(0ebcd60dd020022408e53f535d12f313) Importer(815301076,1909f56bfc062723c751e8b465ee728b)
Start importing Assets/Epic Toon FX/Prefabs 2D/Blood/Red/BloodSplatCritical2D.prefab using Guid(0ebcd60dd020022408e53f535d12f313) Importer(815301076,1909f56bfc062723c751e8b465ee728b)  -> (artifact id: '94e230a482d683880ea01e85527b0e97') in 0.013724 seconds 
========================================================================
Received Import Request.
  Time since last request: 7.782455 seconds.
  path: Assets/Epic Toon FX/Prefabs/Combat/Blood/Red/BloodSplatDirectional.prefab
  artifactKey: Guid(c1ed798bfb0514c4185b9ea81a814309) Importer(815301076,1909f56bfc062723c751e8b465ee728b)
Start importing Assets/Epic Toon FX/Prefabs/Combat/Blood/Red/BloodSplatDirectional.prefab using Guid(c1ed798bfb0514c4185b9ea81a814309) Importer(815301076,1909f56bfc062723c751e8b465ee728b)  -> (artifact id: '849267f3dcc7196e26bc0899c17208a3') in 0.011433 seconds 
========================================================================
Received Import Request.
  Time since last request: 1.726611 seconds.
  path: Assets/Epic Toon FX/Prefabs/Combat/Blood/Red/BloodSplatCritical.prefab
  artifactKey: Guid(67a02ea392505844bab240611d904cc0) Importer(815301076,1909f56bfc062723c751e8b465ee728b)
Start importing Assets/Epic Toon FX/Prefabs/Combat/Blood/Red/BloodSplatCritical.prefab using Guid(67a02ea392505844bab240611d904cc0) Importer(815301076,1909f56bfc062723c751e8b465ee728b)  -> (artifact id: 'c0c94ca4d2fb07f20a6427113c6ba80b') in 0.018718 seconds 
