Using pre-set license
Built from '2021.3/release' branch; Version is '2021.3.12f1 (8af3c3e441b1) revision 9106371'; Using compiler version '192829333'; Build Type 'Release'
OS: 'Windows 10  (10.0.19045) 64bit Core' Language: 'tr' Physical Memory: 16332 MB
BatchMode: 1, IsHumanControllingUs: 0, StartBugReporterOnCrash: 0, Is64bit: 1, IsPro: 1

COMMAND LINE ARGUMENTS:
C:\Program Files\Unity\Hub\Editor\2021.3.12f1\Editor\Unity.exe
-adb2
-batchMode
-noUpm
-name
AssetImportWorker0
-projectPath
D:/Git Repositories/YtPlatformer/yt-Platformer/2dPlatformer
-logFile
Logs/AssetImportWorker0.log
-srvPort
50042
Successfully changed project path to: D:/Git Repositories/YtPlatformer/yt-Platformer/2dPlatformer
D:/Git Repositories/YtPlatformer/yt-Platformer/2dPlatformer
[UnityMemory] Configuration Parameters - Can be set up in boot.config
    "memorysetup-bucket-allocator-granularity=16"
    "memorysetup-bucket-allocator-bucket-count=8"
    "memorysetup-bucket-allocator-block-size=33554432"
    "memorysetup-bucket-allocator-block-count=8"
    "memorysetup-main-allocator-block-size=16777216"
    "memorysetup-thread-allocator-block-size=16777216"
    "memorysetup-gfx-main-allocator-block-size=16777216"
    "memorysetup-gfx-thread-allocator-block-size=16777216"
    "memorysetup-cache-allocator-block-size=4194304"
    "memorysetup-typetree-allocator-block-size=2097152"
    "memorysetup-profiler-bucket-allocator-granularity=16"
    "memorysetup-profiler-bucket-allocator-bucket-count=8"
    "memorysetup-profiler-bucket-allocator-block-size=33554432"
    "memorysetup-profiler-bucket-allocator-block-count=8"
    "memorysetup-profiler-allocator-block-size=16777216"
    "memorysetup-profiler-editor-allocator-block-size=1048576"
    "memorysetup-temp-allocator-size-main=16777216"
    "memorysetup-job-temp-allocator-block-size=2097152"
    "memorysetup-job-temp-allocator-block-size-background=1048576"
    "memorysetup-job-temp-allocator-reduction-small-platforms=262144"
    "memorysetup-temp-allocator-size-background-worker=32768"
    "memorysetup-temp-allocator-size-job-worker=262144"
    "memorysetup-temp-allocator-size-preload-manager=33554432"
    "memorysetup-temp-allocator-size-nav-mesh-worker=65536"
    "memorysetup-temp-allocator-size-audio-worker=65536"
    "memorysetup-temp-allocator-size-cloud-worker=32768"
    "memorysetup-temp-allocator-size-gi-baking-worker=262144"
    "memorysetup-temp-allocator-size-gfx=262144"
Refreshing native plugins compatible for Editor in 164.50 ms, found 4 plugins.
Preloading 0 native plugins for Editor in 0.00 ms.
Initialize engine version: 2021.3.12f1 (8af3c3e441b1)
[Subsystems] Discovering subsystems at path C:/Program Files/Unity/Hub/Editor/2021.3.12f1/Editor/Data/Resources/UnitySubsystems
[Subsystems] Discovering subsystems at path D:/Git Repositories/YtPlatformer/yt-Platformer/2dPlatformer/Assets
GfxDevice: creating device client; threaded=0; jobified=0
Direct3D:
    Version:  Direct3D 11.0 [level 11.1]
    Renderer: Radeon RX 570 Series (ID=0x67df)
    Vendor:   ATI
    VRAM:     8170 MB
    Driver:   31.0.12027.9001
Initialize mono
Mono path[0] = 'C:/Program Files/Unity/Hub/Editor/2021.3.12f1/Editor/Data/Managed'
Mono path[1] = 'C:/Program Files/Unity/Hub/Editor/2021.3.12f1/Editor/Data/MonoBleedingEdge/lib/mono/unityjit-win32'
Mono config path = 'C:/Program Files/Unity/Hub/Editor/2021.3.12f1/Editor/Data/MonoBleedingEdge/etc'
Using monoOptions --debugger-agent=transport=dt_socket,embedding=1,server=y,suspend=n,address=127.0.0.1:56852
Begin MonoManager ReloadAssembly
Registering precompiled unity dll's ...
Register platform support module: C:/Program Files/Unity/Hub/Editor/2021.3.12f1/Editor/Data/PlaybackEngines/AndroidPlayer/UnityEditor.Android.Extensions.dll
Register platform support module: C:/Program Files/Unity/Hub/Editor/2021.3.12f1/Editor/Data/PlaybackEngines/WindowsStandaloneSupport/UnityEditor.WindowsStandalone.Extensions.dll
Registered in 0.007298 seconds.
Native extension for WindowsStandalone target not found
Native extension for Android target not found
Refreshing native plugins compatible for Editor in 171.27 ms, found 4 plugins.
Preloading 0 native plugins for Editor in 0.00 ms.
Mono: successfully reloaded assembly
- Completed reload, in  0.880 seconds
Domain Reload Profiling:
	ReloadAssembly (881ms)
		BeginReloadAssembly (87ms)
			ExecutionOrderSort (0ms)
			DisableScriptedObjects (0ms)
			BackupInstance (0ms)
			ReleaseScriptingObjects (0ms)
			CreateAndSetChildDomain (1ms)
		EndReloadAssembly (662ms)
			LoadAssemblies (85ms)
			RebuildTransferFunctionScriptingTraits (0ms)
			SetupTypeCache (140ms)
			ReleaseScriptCaches (0ms)
			RebuildScriptCaches (35ms)
			SetupLoadedEditorAssemblies (426ms)
				LogAssemblyErrors (0ms)
				InitializePlatformSupportModulesInManaged (71ms)
				SetLoadedEditorAssemblies (0ms)
				RefreshPlugins (171ms)
				BeforeProcessingInitializeOnLoad (1ms)
				ProcessInitializeOnLoadAttributes (122ms)
				ProcessInitializeOnLoadMethodAttributes (59ms)
				AfterProcessingInitializeOnLoad (0ms)
				EditorAssembliesLoaded (0ms)
			ExecutionOrderSort2 (0ms)
			AwakeInstancesAfterBackupRestoration (0ms)
Platform modules already initialized, skipping
Registering precompiled user dll's ...
Registered in 0.007407 seconds.
Begin MonoManager ReloadAssembly
Symbol file LoadedFromMemory doesn't match image D:\Git Repositories\YtPlatformer\yt-Platformer\2dPlatformer\Library\PackageCache\com.unity.visualscripting@1.7.8\Editor\VisualScripting.Core\Dependencies\YamlDotNet\Unity.VisualScripting.YamlDotNet.dll
Symbol file LoadedFromMemory doesn't match image D:\Git Repositories\YtPlatformer\yt-Platformer\2dPlatformer\Library\PackageCache\com.unity.visualscripting@1.7.8\Editor\VisualScripting.Core\Dependencies\DotNetZip\Unity.VisualScripting.IonicZip.dll
Native extension for WindowsStandalone target not found
Native extension for Android target not found
Refreshing native plugins compatible for Editor in 170.24 ms, found 4 plugins.
Preloading 0 native plugins for Editor in 0.00 ms.
Mono: successfully reloaded assembly
- Completed reload, in  1.769 seconds
Domain Reload Profiling:
	ReloadAssembly (1770ms)
		BeginReloadAssembly (236ms)
			ExecutionOrderSort (0ms)
			DisableScriptedObjects (10ms)
			BackupInstance (0ms)
			ReleaseScriptingObjects (0ms)
			CreateAndSetChildDomain (123ms)
		EndReloadAssembly (1388ms)
			LoadAssemblies (107ms)
			RebuildTransferFunctionScriptingTraits (0ms)
			SetupTypeCache (348ms)
			ReleaseScriptCaches (1ms)
			RebuildScriptCaches (82ms)
			SetupLoadedEditorAssemblies (787ms)
				LogAssemblyErrors (0ms)
				InitializePlatformSupportModulesInManaged (16ms)
				SetLoadedEditorAssemblies (0ms)
				RefreshPlugins (170ms)
				BeforeProcessingInitializeOnLoad (135ms)
				ProcessInitializeOnLoadAttributes (336ms)
				ProcessInitializeOnLoadMethodAttributes (117ms)
				AfterProcessingInitializeOnLoad (10ms)
				EditorAssembliesLoaded (0ms)
			ExecutionOrderSort2 (0ms)
			AwakeInstancesAfterBackupRestoration (10ms)
Platform modules already initialized, skipping
========================================================================
Worker process is ready to serve import requests
Launched and connected shader compiler UnityShaderCompiler.exe after 0.05 seconds
Refreshing native plugins compatible for Editor in 1.23 ms, found 4 plugins.
Preloading 0 native plugins for Editor in 0.00 ms.
Unloading 5537 Unused Serialized files (Serialized files now loaded: 0)
Unloading 45 unused Assets / (0.7 MB). Loaded Objects now: 5998.
Memory consumption went from 219.2 MB to 218.5 MB.
Total: 5.002400 ms (FindLiveObjects: 0.506500 ms CreateObjectMapping: 0.241600 ms MarkObjects: 3.847500 ms  DeleteObjects: 0.405800 ms)

AssetImportParameters requested are different than current active one (requested -> active):
  custom:video-decoder-ogg-theora: a1e56fd34408186e4bbccfd4996cb3dc -> 
  custom:container-muxer-webm: aa71ff27fc2769a1b78a27578f13a17b -> 
  custom:container-demuxer-webm: 4f35f7cbe854078d1ac9338744f61a02 -> 
  custom:video-encoder-webm-vp8: eb34c28f22e8b96e1ab97ce403110664 -> 
  custom:audio-encoder-webm-vorbis: bf7c407c2cedff20999df2af8eb42d56 -> 
  custom:framework-win-MediaFoundation: 216162199b28c13a410421893ffa2e32 -> 
  custom:container-demuxer-ogg: 62fdf1f143b41e24485cea50d1cbac27 -> 
  custom:video-decoder-webm-vp8: 9c59270c3fd7afecdb556c50c9e8de78 -> 
  custom:audio-decoder-ogg-vorbis: bf7c407c2cedff20999df2af8eb42d56 -> 
========================================================================
Received Import Request.
  Time since last request: 648.316022 seconds.
  path: ProjectSettings/TagManager.asset
  artifactKey: Guid(00000000000000003000000000000000) Importer(815301076,1909f56bfc062723c751e8b465ee728b)
Start importing ProjectSettings/TagManager.asset using Guid(00000000000000003000000000000000) Importer(815301076,1909f56bfc062723c751e8b465ee728b)  -> (artifact id: '39338e20b92eb7defd5026d61f60b3cf') in 0.090782 seconds 
========================================================================
Received Import Request.
  Time since last request: 123.772638 seconds.
  path: Assets/Epic Toon FX/Prefabs 2D/Blood/Red/BloodSplatCritical2D.prefab
  artifactKey: Guid(0ebcd60dd020022408e53f535d12f313) Importer(815301076,1909f56bfc062723c751e8b465ee728b)
Start importing Assets/Epic Toon FX/Prefabs 2D/Blood/Red/BloodSplatCritical2D.prefab using Guid(0ebcd60dd020022408e53f535d12f313) Importer(815301076,1909f56bfc062723c751e8b465ee728b)  -> (artifact id: '64a5d73c0b61ad7e08deb57281adde01') in 0.116174 seconds 
========================================================================
Received Import Request.
  Time since last request: 17.093555 seconds.
  path: Assets/Prefabs/Enemy.prefab
  artifactKey: Guid(c00453d02671c6f43b5622ecaaee3894) Importer(815301076,1909f56bfc062723c751e8b465ee728b)
Start importing Assets/Prefabs/Enemy.prefab using Guid(c00453d02671c6f43b5622ecaaee3894) Importer(815301076,1909f56bfc062723c751e8b465ee728b)  -> (artifact id: 'bb57569f076c2828988aa5e0cc4de991') in 0.103138 seconds 
========================================================================
Received Import Request.
  Time since last request: 4.329596 seconds.
  path: Assets/Prefabs/Enemy.prefab
  artifactKey: Guid(c00453d02671c6f43b5622ecaaee3894) Importer(815301076,1909f56bfc062723c751e8b465ee728b)
Start importing Assets/Prefabs/Enemy.prefab using Guid(c00453d02671c6f43b5622ecaaee3894) Importer(815301076,1909f56bfc062723c751e8b465ee728b)  -> (artifact id: '35c91efa3785ccf1767a9538bfc0c50d') in 0.018582 seconds 
========================================================================
Received Import Request.
  Time since last request: 49.445649 seconds.
  path: Assets/Epic Toon FX/Prefabs 2D/Blood/Red/BloodSplatCritical2D.prefab
  artifactKey: Guid(0ebcd60dd020022408e53f535d12f313) Importer(815301076,1909f56bfc062723c751e8b465ee728b)
Start importing Assets/Epic Toon FX/Prefabs 2D/Blood/Red/BloodSplatCritical2D.prefab using Guid(0ebcd60dd020022408e53f535d12f313) Importer(815301076,1909f56bfc062723c751e8b465ee728b)  -> (artifact id: '47a14fee799b3ae6227cb0fa900149c8') in 0.011704 seconds 
========================================================================
Received Import Request.
  Time since last request: 7.412478 seconds.
  path: Assets/Prefabs/Enemy.prefab
  artifactKey: Guid(c00453d02671c6f43b5622ecaaee3894) Importer(815301076,1909f56bfc062723c751e8b465ee728b)
Start importing Assets/Prefabs/Enemy.prefab using Guid(c00453d02671c6f43b5622ecaaee3894) Importer(815301076,1909f56bfc062723c751e8b465ee728b)  -> (artifact id: '49d43d9854692340a56c7d2b133c8a1a') in 0.019277 seconds 
========================================================================
Received Import Request.
  Time since last request: 96.243276 seconds.
  path: Assets/Prefabs/Enemy.prefab
  artifactKey: Guid(c00453d02671c6f43b5622ecaaee3894) Importer(815301076,1909f56bfc062723c751e8b465ee728b)
Start importing Assets/Prefabs/Enemy.prefab using Guid(c00453d02671c6f43b5622ecaaee3894) Importer(815301076,1909f56bfc062723c751e8b465ee728b)  -> (artifact id: '403f20de1d419efe6751e1441fe954bc') in 0.020864 seconds 
========================================================================
Received Import Request.
  Time since last request: 23.948835 seconds.
  path: Assets/Epic Toon FX/Prefabs 2D/Blood/Red/BloodSplatCritical2D.prefab
  artifactKey: Guid(0ebcd60dd020022408e53f535d12f313) Importer(815301076,1909f56bfc062723c751e8b465ee728b)
Start importing Assets/Epic Toon FX/Prefabs 2D/Blood/Red/BloodSplatCritical2D.prefab using Guid(0ebcd60dd020022408e53f535d12f313) Importer(815301076,1909f56bfc062723c751e8b465ee728b)  -> (artifact id: 'c7076a56f1afaa67d9e7188b5599af91') in 0.008886 seconds 
========================================================================
Received Import Request.
  Time since last request: 33.559615 seconds.
  path: Assets/Epic Toon FX/Prefabs 2D/Blood/Red/BloodSplatCritical2D.prefab
  artifactKey: Guid(0ebcd60dd020022408e53f535d12f313) Importer(815301076,1909f56bfc062723c751e8b465ee728b)
Start importing Assets/Epic Toon FX/Prefabs 2D/Blood/Red/BloodSplatCritical2D.prefab using Guid(0ebcd60dd020022408e53f535d12f313) Importer(815301076,1909f56bfc062723c751e8b465ee728b)  -> (artifact id: '61ed23ce68dda1d2ab04bc31a0d50348') in 0.008737 seconds 
========================================================================
Received Import Request.
  Time since last request: 13.078966 seconds.
  path: Assets/Epic Toon FX/Prefabs 2D/Blood/Red/BloodSplatCritical2D.prefab
  artifactKey: Guid(0ebcd60dd020022408e53f535d12f313) Importer(815301076,1909f56bfc062723c751e8b465ee728b)
Start importing Assets/Epic Toon FX/Prefabs 2D/Blood/Red/BloodSplatCritical2D.prefab using Guid(0ebcd60dd020022408e53f535d12f313) Importer(815301076,1909f56bfc062723c751e8b465ee728b)  -> (artifact id: '84bd5879d7cfab70b94dd299b8395af2') in 0.008943 seconds 
========================================================================
Received Import Request.
  Time since last request: 17.569776 seconds.
  path: Assets/Prefabs/Enemy.prefab
  artifactKey: Guid(c00453d02671c6f43b5622ecaaee3894) Importer(815301076,1909f56bfc062723c751e8b465ee728b)
Start importing Assets/Prefabs/Enemy.prefab using Guid(c00453d02671c6f43b5622ecaaee3894) Importer(815301076,1909f56bfc062723c751e8b465ee728b)  -> (artifact id: '0d25f6f9add8f694ee804a144a0f47de') in 0.018654 seconds 
========================================================================
Received Import Request.
  Time since last request: 12.194893 seconds.
  path: Assets/Prefabs/Enemy.prefab
  artifactKey: Guid(c00453d02671c6f43b5622ecaaee3894) Importer(815301076,1909f56bfc062723c751e8b465ee728b)
Start importing Assets/Prefabs/Enemy.prefab using Guid(c00453d02671c6f43b5622ecaaee3894) Importer(815301076,1909f56bfc062723c751e8b465ee728b)  -> (artifact id: '4cdb9abce0de866e64342b8ed2750e20') in 0.026811 seconds 
========================================================================
Received Import Request.
  Time since last request: 157.796274 seconds.
  path: Assets/Prefabs/Enemy.prefab
  artifactKey: Guid(c00453d02671c6f43b5622ecaaee3894) Importer(815301076,1909f56bfc062723c751e8b465ee728b)
Start importing Assets/Prefabs/Enemy.prefab using Guid(c00453d02671c6f43b5622ecaaee3894) Importer(815301076,1909f56bfc062723c751e8b465ee728b)  -> (artifact id: 'f04e62bcc8537744433c60232150bddc') in 0.020875 seconds 
========================================================================
Received Import Request.
  Time since last request: 7.666180 seconds.
  path: Assets/Prefabs/Enemy.prefab
  artifactKey: Guid(c00453d02671c6f43b5622ecaaee3894) Importer(815301076,1909f56bfc062723c751e8b465ee728b)
Start importing Assets/Prefabs/Enemy.prefab using Guid(c00453d02671c6f43b5622ecaaee3894) Importer(815301076,1909f56bfc062723c751e8b465ee728b)  -> (artifact id: '9b7fbadcb51149b63a5dce5fd6f9c44a') in 0.019882 seconds 
========================================================================
Received Import Request.
  Time since last request: 7.603657 seconds.
  path: Assets/Prefabs/Enemy.prefab
  artifactKey: Guid(c00453d02671c6f43b5622ecaaee3894) Importer(815301076,1909f56bfc062723c751e8b465ee728b)
Start importing Assets/Prefabs/Enemy.prefab using Guid(c00453d02671c6f43b5622ecaaee3894) Importer(815301076,1909f56bfc062723c751e8b465ee728b)  -> (artifact id: 'f540474d4933deb7890a30518892fc0b') in 0.019253 seconds 
========================================================================
Received Import Request.
  Time since last request: 5.501939 seconds.
  path: Assets/Epic Toon FX/Prefabs 2D/Blood/Red/BloodSplatCritical2D.prefab
  artifactKey: Guid(0ebcd60dd020022408e53f535d12f313) Importer(815301076,1909f56bfc062723c751e8b465ee728b)
Start importing Assets/Epic Toon FX/Prefabs 2D/Blood/Red/BloodSplatCritical2D.prefab using Guid(0ebcd60dd020022408e53f535d12f313) Importer(815301076,1909f56bfc062723c751e8b465ee728b)  -> (artifact id: '14187e49b20fbf96d2c15fc5c98aca94') in 0.010925 seconds 
========================================================================
Received Import Request.
  Time since last request: 4.541356 seconds.
  path: Assets/Epic Toon FX/Prefabs 2D/Blood/Red/BloodSplatCritical2D.prefab
  artifactKey: Guid(0ebcd60dd020022408e53f535d12f313) Importer(815301076,1909f56bfc062723c751e8b465ee728b)
Start importing Assets/Epic Toon FX/Prefabs 2D/Blood/Red/BloodSplatCritical2D.prefab using Guid(0ebcd60dd020022408e53f535d12f313) Importer(815301076,1909f56bfc062723c751e8b465ee728b)  -> (artifact id: 'd7762abea6f729500f9622c0854d716f') in 0.008335 seconds 
========================================================================
Received Import Request.
  Time since last request: 4.426751 seconds.
  path: Assets/Epic Toon FX/Prefabs 2D/Blood/Red/BloodSplatCritical2D.prefab
  artifactKey: Guid(0ebcd60dd020022408e53f535d12f313) Importer(815301076,1909f56bfc062723c751e8b465ee728b)
Start importing Assets/Epic Toon FX/Prefabs 2D/Blood/Red/BloodSplatCritical2D.prefab using Guid(0ebcd60dd020022408e53f535d12f313) Importer(815301076,1909f56bfc062723c751e8b465ee728b)  -> (artifact id: '5faa130bf74d33fc0955f095c9b973b1') in 0.009065 seconds 
========================================================================
Received Import Request.
  Time since last request: 59.251131 seconds.
  path: Assets/Epic Toon FX/Prefabs 2D/Blood/Red/BloodShowerLoop2D.prefab
  artifactKey: Guid(83c18340a7ab40841ab1bd9102120990) Importer(815301076,1909f56bfc062723c751e8b465ee728b)
Start importing Assets/Epic Toon FX/Prefabs 2D/Blood/Red/BloodShowerLoop2D.prefab using Guid(83c18340a7ab40841ab1bd9102120990) Importer(815301076,1909f56bfc062723c751e8b465ee728b)  -> (artifact id: 'd29094b9944d5fbe5d26954079b17be7') in 0.016314 seconds 
========================================================================
Received Import Request.
  Time since last request: 28.023377 seconds.
  path: Assets/Prefabs/Enemy.prefab
  artifactKey: Guid(c00453d02671c6f43b5622ecaaee3894) Importer(815301076,1909f56bfc062723c751e8b465ee728b)
Start importing Assets/Prefabs/Enemy.prefab using Guid(c00453d02671c6f43b5622ecaaee3894) Importer(815301076,1909f56bfc062723c751e8b465ee728b)  -> (artifact id: 'e5814db9e240ee8b0891e041e77931a7') in 0.018194 seconds 
========================================================================
Received Import Request.
  Time since last request: 10.535925 seconds.
  path: Assets/Epic Toon FX/Prefabs 2D/Blood/Red/BloodSplatCritical2D.prefab
  artifactKey: Guid(0ebcd60dd020022408e53f535d12f313) Importer(815301076,1909f56bfc062723c751e8b465ee728b)
Start importing Assets/Epic Toon FX/Prefabs 2D/Blood/Red/BloodSplatCritical2D.prefab using Guid(0ebcd60dd020022408e53f535d12f313) Importer(815301076,1909f56bfc062723c751e8b465ee728b)  -> (artifact id: 'bf737173a7c9b3a06cfc9e7416a5654a') in 0.013772 seconds 
========================================================================
Received Import Request.
  Time since last request: 3.709643 seconds.
  path: Assets/Prefabs/Enemy.prefab
  artifactKey: Guid(c00453d02671c6f43b5622ecaaee3894) Importer(815301076,1909f56bfc062723c751e8b465ee728b)
Start importing Assets/Prefabs/Enemy.prefab using Guid(c00453d02671c6f43b5622ecaaee3894) Importer(815301076,1909f56bfc062723c751e8b465ee728b)  -> (artifact id: '0d4fb0e33f8304d6db0bc3fce1cf077a') in 0.016602 seconds 
========================================================================
Received Import Request.
  Time since last request: 4.550545 seconds.
  path: Assets/Prefabs/Enemy.prefab
  artifactKey: Guid(c00453d02671c6f43b5622ecaaee3894) Importer(815301076,1909f56bfc062723c751e8b465ee728b)
Start importing Assets/Prefabs/Enemy.prefab using Guid(c00453d02671c6f43b5622ecaaee3894) Importer(815301076,1909f56bfc062723c751e8b465ee728b)  -> (artifact id: '2391fe98ffa84c7c835173203e4f8635') in 0.017159 seconds 
========================================================================
Received Import Request.
  Time since last request: 54.974944 seconds.
  path: ProjectSettings/TagManager.asset
  artifactKey: Guid(00000000000000003000000000000000) Importer(815301076,1909f56bfc062723c751e8b465ee728b)
Start importing ProjectSettings/TagManager.asset using Guid(00000000000000003000000000000000) Importer(815301076,1909f56bfc062723c751e8b465ee728b)  -> (artifact id: 'b83ff3a6afcc6facb829e816430336d2') in 0.006952 seconds 
========================================================================
Received Import Request.
  Time since last request: 15.282939 seconds.
  path: Assets/Epic Toon FX/Prefabs 2D/Blood/Red/BloodSplatCritical2D.prefab
  artifactKey: Guid(0ebcd60dd020022408e53f535d12f313) Importer(815301076,1909f56bfc062723c751e8b465ee728b)
Start importing Assets/Epic Toon FX/Prefabs 2D/Blood/Red/BloodSplatCritical2D.prefab using Guid(0ebcd60dd020022408e53f535d12f313) Importer(815301076,1909f56bfc062723c751e8b465ee728b)  -> (artifact id: '3c7f31b10a7430b5d8ba28fd10938a88') in 0.012924 seconds 
========================================================================
Received Import Request.
  Time since last request: 16.089357 seconds.
  path: Assets/Epic Toon FX/Prefabs 2D/Blood/Red/BloodSplatCritical2D.prefab
  artifactKey: Guid(0ebcd60dd020022408e53f535d12f313) Importer(815301076,1909f56bfc062723c751e8b465ee728b)
Start importing Assets/Epic Toon FX/Prefabs 2D/Blood/Red/BloodSplatCritical2D.prefab using Guid(0ebcd60dd020022408e53f535d12f313) Importer(815301076,1909f56bfc062723c751e8b465ee728b)  -> (artifact id: 'dee0c830b7506cd0fa617c4d23576964') in 0.008794 seconds 
========================================================================
Received Import Request.
  Time since last request: 5.637662 seconds.
  path: Assets/Epic Toon FX/Prefabs 2D/Blood/Red/BloodSplatCritical2D.prefab
  artifactKey: Guid(0ebcd60dd020022408e53f535d12f313) Importer(815301076,1909f56bfc062723c751e8b465ee728b)
Start importing Assets/Epic Toon FX/Prefabs 2D/Blood/Red/BloodSplatCritical2D.prefab using Guid(0ebcd60dd020022408e53f535d12f313) Importer(815301076,1909f56bfc062723c751e8b465ee728b)  -> (artifact id: '1528e12d54ed41e6c9155920d79a5e3c') in 0.008317 seconds 
========================================================================
Received Import Request.
  Time since last request: 2.393600 seconds.
  path: Assets/Prefabs/Enemy.prefab
  artifactKey: Guid(c00453d02671c6f43b5622ecaaee3894) Importer(815301076,1909f56bfc062723c751e8b465ee728b)
Start importing Assets/Prefabs/Enemy.prefab using Guid(c00453d02671c6f43b5622ecaaee3894) Importer(815301076,1909f56bfc062723c751e8b465ee728b)  -> (artifact id: '6a3dba4be1338ccabb2a478e184a8485') in 0.017588 seconds 
========================================================================
Received Import Request.
  Time since last request: 10.810112 seconds.
  path: Assets/Prefabs/Enemy.prefab
  artifactKey: Guid(c00453d02671c6f43b5622ecaaee3894) Importer(815301076,1909f56bfc062723c751e8b465ee728b)
Start importing Assets/Prefabs/Enemy.prefab using Guid(c00453d02671c6f43b5622ecaaee3894) Importer(815301076,1909f56bfc062723c751e8b465ee728b)  -> (artifact id: '9e63a3aabc7db1bde57efaec004613cf') in 0.018530 seconds 
========================================================================
Received Import Request.
  Time since last request: 11.315269 seconds.
  path: Assets/Prefabs/Enemy.prefab
  artifactKey: Guid(c00453d02671c6f43b5622ecaaee3894) Importer(815301076,1909f56bfc062723c751e8b465ee728b)
Start importing Assets/Prefabs/Enemy.prefab using Guid(c00453d02671c6f43b5622ecaaee3894) Importer(815301076,1909f56bfc062723c751e8b465ee728b)  -> (artifact id: '4736d1f2c0f81e1c0b216c5f4960ee69') in 0.066077 seconds 
========================================================================
Received Import Request.
  Time since last request: 4.639078 seconds.
  path: Assets/Prefabs/Enemy.prefab
  artifactKey: Guid(c00453d02671c6f43b5622ecaaee3894) Importer(815301076,1909f56bfc062723c751e8b465ee728b)
Start importing Assets/Prefabs/Enemy.prefab using Guid(c00453d02671c6f43b5622ecaaee3894) Importer(815301076,1909f56bfc062723c751e8b465ee728b)  -> (artifact id: '6ceb3167e4c9e654a7a74aaad237235b') in 0.016811 seconds 
========================================================================
Received Import Request.
  Time since last request: 5.625648 seconds.
  path: Assets/Prefabs/Enemy.prefab
  artifactKey: Guid(c00453d02671c6f43b5622ecaaee3894) Importer(815301076,1909f56bfc062723c751e8b465ee728b)
Start importing Assets/Prefabs/Enemy.prefab using Guid(c00453d02671c6f43b5622ecaaee3894) Importer(815301076,1909f56bfc062723c751e8b465ee728b)  -> (artifact id: '1154fceeab1ea7fb5e50932ac4c86345') in 0.017637 seconds 
========================================================================
Received Import Request.
  Time since last request: 38.152384 seconds.
  path: Assets/Prefabs/Enemy.prefab
  artifactKey: Guid(c00453d02671c6f43b5622ecaaee3894) Importer(815301076,1909f56bfc062723c751e8b465ee728b)
Start importing Assets/Prefabs/Enemy.prefab using Guid(c00453d02671c6f43b5622ecaaee3894) Importer(815301076,1909f56bfc062723c751e8b465ee728b)  -> (artifact id: '183eff8615b7f47f9b29793bf64eaeb3') in 0.016183 seconds 
========================================================================
Received Import Request.
  Time since last request: 16.854055 seconds.
  path: Assets/Epic Toon FX/Prefabs 2D/Blood/Red/BloodSplatDirectional2D.prefab
  artifactKey: Guid(9fc1afc1190c21b459bff8bed1d9ec02) Importer(815301076,1909f56bfc062723c751e8b465ee728b)
Start importing Assets/Epic Toon FX/Prefabs 2D/Blood/Red/BloodSplatDirectional2D.prefab using Guid(9fc1afc1190c21b459bff8bed1d9ec02) Importer(815301076,1909f56bfc062723c751e8b465ee728b)  -> (artifact id: '784c441befc6f58c97890b8835d80719') in 0.015508 seconds 
========================================================================
Received Import Request.
  Time since last request: 2.785740 seconds.
  path: Assets/Epic Toon FX/Prefabs 2D/Blood/Red/BloodSplatDirectional2D.prefab
  artifactKey: Guid(9fc1afc1190c21b459bff8bed1d9ec02) Importer(815301076,1909f56bfc062723c751e8b465ee728b)
Start importing Assets/Epic Toon FX/Prefabs 2D/Blood/Red/BloodSplatDirectional2D.prefab using Guid(9fc1afc1190c21b459bff8bed1d9ec02) Importer(815301076,1909f56bfc062723c751e8b465ee728b)  -> (artifact id: 'a3af03719a7b164dde5c49ab98b73d8d') in 0.037295 seconds 
========================================================================
Received Import Request.
  Time since last request: 22.437318 seconds.
  path: Assets/Epic Toon FX/Prefabs 2D/Blood/Red/BloodSplatDirectional2D.prefab
  artifactKey: Guid(9fc1afc1190c21b459bff8bed1d9ec02) Importer(815301076,1909f56bfc062723c751e8b465ee728b)
Start importing Assets/Epic Toon FX/Prefabs 2D/Blood/Red/BloodSplatDirectional2D.prefab using Guid(9fc1afc1190c21b459bff8bed1d9ec02) Importer(815301076,1909f56bfc062723c751e8b465ee728b)  -> (artifact id: '6ed94d1ad4c5675795766a20e7f9a91a') in 0.012755 seconds 
========================================================================
Received Import Request.
  Time since last request: 5.341056 seconds.
  path: Assets/Epic Toon FX/Prefabs 2D/Blood/Red/BloodSplatDirectional2D.prefab
  artifactKey: Guid(9fc1afc1190c21b459bff8bed1d9ec02) Importer(815301076,1909f56bfc062723c751e8b465ee728b)
Start importing Assets/Epic Toon FX/Prefabs 2D/Blood/Red/BloodSplatDirectional2D.prefab using Guid(9fc1afc1190c21b459bff8bed1d9ec02) Importer(815301076,1909f56bfc062723c751e8b465ee728b)  -> (artifact id: '36d626f77416dad9aaf422a6be919516') in 0.011718 seconds 
========================================================================
Received Import Request.
  Time since last request: 2.385401 seconds.
  path: Assets/Epic Toon FX/Prefabs 2D/Blood/Red/BloodSplatDirectional2D.prefab
  artifactKey: Guid(9fc1afc1190c21b459bff8bed1d9ec02) Importer(815301076,1909f56bfc062723c751e8b465ee728b)
Start importing Assets/Epic Toon FX/Prefabs 2D/Blood/Red/BloodSplatDirectional2D.prefab using Guid(9fc1afc1190c21b459bff8bed1d9ec02) Importer(815301076,1909f56bfc062723c751e8b465ee728b)  -> (artifact id: 'f79caa0822c303082dc590f8e5624417') in 0.011713 seconds 
========================================================================
Received Import Request.
  Time since last request: 7.467203 seconds.
  path: Assets/Epic Toon FX/Prefabs 2D/Blood/Red/BloodSplatDirectional2D.prefab
  artifactKey: Guid(9fc1afc1190c21b459bff8bed1d9ec02) Importer(815301076,1909f56bfc062723c751e8b465ee728b)
Start importing Assets/Epic Toon FX/Prefabs 2D/Blood/Red/BloodSplatDirectional2D.prefab using Guid(9fc1afc1190c21b459bff8bed1d9ec02) Importer(815301076,1909f56bfc062723c751e8b465ee728b)  -> (artifact id: '040c4f9b68bb0b107cb78cda83e3597d') in 0.073498 seconds 
========================================================================
Received Import Request.
  Time since last request: 20.942303 seconds.
  path: Assets/Prefabs/Enemy.prefab
  artifactKey: Guid(c00453d02671c6f43b5622ecaaee3894) Importer(815301076,1909f56bfc062723c751e8b465ee728b)
Start importing Assets/Prefabs/Enemy.prefab using Guid(c00453d02671c6f43b5622ecaaee3894) Importer(815301076,1909f56bfc062723c751e8b465ee728b)  -> (artifact id: 'f7f2a20fcf96c716cf2299017fff1cf5') in 0.015680 seconds 
========================================================================
Received Import Request.
  Time since last request: 6.186432 seconds.
  path: Assets/Prefabs/Enemy.prefab
  artifactKey: Guid(c00453d02671c6f43b5622ecaaee3894) Importer(815301076,1909f56bfc062723c751e8b465ee728b)
Start importing Assets/Prefabs/Enemy.prefab using Guid(c00453d02671c6f43b5622ecaaee3894) Importer(815301076,1909f56bfc062723c751e8b465ee728b)  -> (artifact id: 'f66ae54e6af7e0e3145eb6361555f2bb') in 0.017016 seconds 
========================================================================
Received Import Request.
  Time since last request: 11.620786 seconds.
  path: Assets/Prefabs/Enemy.prefab
  artifactKey: Guid(c00453d02671c6f43b5622ecaaee3894) Importer(815301076,1909f56bfc062723c751e8b465ee728b)
Start importing Assets/Prefabs/Enemy.prefab using Guid(c00453d02671c6f43b5622ecaaee3894) Importer(815301076,1909f56bfc062723c751e8b465ee728b)  -> (artifact id: '72e1bbfc4d6ed39f8434a97ad205377b') in 0.017446 seconds 
