Using pre-set license
Built from '2021.3/release' branch; Version is '2021.3.12f1 (8af3c3e441b1) revision 9106371'; Using compiler version '192829333'; Build Type 'Release'
OS: 'Windows 10  (10.0.19045) 64bit Core' Language: 'tr' Physical Memory: 16332 MB
BatchMode: 1, IsHumanControllingUs: 0, StartBugReporterOnCrash: 0, Is64bit: 1, IsPro: 1

COMMAND LINE ARGUMENTS:
C:\Program Files\Unity\Hub\Editor\2021.3.12f1\Editor\Unity.exe
-adb2
-batchMode
-noUpm
-name
AssetImportWorker0
-projectPath
D:/Git Repositories/YtPlatformer/yt-Platformer/2dPlatformer
-logFile
Logs/AssetImportWorker0.log
-srvPort
54024
Successfully changed project path to: D:/Git Repositories/YtPlatformer/yt-Platformer/2dPlatformer
D:/Git Repositories/YtPlatformer/yt-Platformer/2dPlatformer
[UnityMemory] Configuration Parameters - Can be set up in boot.config
    "memorysetup-bucket-allocator-granularity=16"
    "memorysetup-bucket-allocator-bucket-count=8"
    "memorysetup-bucket-allocator-block-size=33554432"
    "memorysetup-bucket-allocator-block-count=8"
    "memorysetup-main-allocator-block-size=16777216"
    "memorysetup-thread-allocator-block-size=16777216"
    "memorysetup-gfx-main-allocator-block-size=16777216"
    "memorysetup-gfx-thread-allocator-block-size=16777216"
    "memorysetup-cache-allocator-block-size=4194304"
    "memorysetup-typetree-allocator-block-size=2097152"
    "memorysetup-profiler-bucket-allocator-granularity=16"
    "memorysetup-profiler-bucket-allocator-bucket-count=8"
    "memorysetup-profiler-bucket-allocator-block-size=33554432"
    "memorysetup-profiler-bucket-allocator-block-count=8"
    "memorysetup-profiler-allocator-block-size=16777216"
    "memorysetup-profiler-editor-allocator-block-size=1048576"
    "memorysetup-temp-allocator-size-main=16777216"
    "memorysetup-job-temp-allocator-block-size=2097152"
    "memorysetup-job-temp-allocator-block-size-background=1048576"
    "memorysetup-job-temp-allocator-reduction-small-platforms=262144"
    "memorysetup-temp-allocator-size-background-worker=32768"
    "memorysetup-temp-allocator-size-job-worker=262144"
    "memorysetup-temp-allocator-size-preload-manager=33554432"
    "memorysetup-temp-allocator-size-nav-mesh-worker=65536"
    "memorysetup-temp-allocator-size-audio-worker=65536"
    "memorysetup-temp-allocator-size-cloud-worker=32768"
    "memorysetup-temp-allocator-size-gi-baking-worker=262144"
    "memorysetup-temp-allocator-size-gfx=262144"
Refreshing native plugins compatible for Editor in 158.06 ms, found 4 plugins.
Preloading 0 native plugins for Editor in 0.00 ms.
Initialize engine version: 2021.3.12f1 (8af3c3e441b1)
[Subsystems] Discovering subsystems at path C:/Program Files/Unity/Hub/Editor/2021.3.12f1/Editor/Data/Resources/UnitySubsystems
[Subsystems] Discovering subsystems at path D:/Git Repositories/YtPlatformer/yt-Platformer/2dPlatformer/Assets
GfxDevice: creating device client; threaded=0; jobified=0
Direct3D:
    Version:  Direct3D 11.0 [level 11.1]
    Renderer: Radeon RX 570 Series (ID=0x67df)
    Vendor:   ATI
    VRAM:     8170 MB
    Driver:   31.0.12027.9001
Initialize mono
Mono path[0] = 'C:/Program Files/Unity/Hub/Editor/2021.3.12f1/Editor/Data/Managed'
Mono path[1] = 'C:/Program Files/Unity/Hub/Editor/2021.3.12f1/Editor/Data/MonoBleedingEdge/lib/mono/unityjit-win32'
Mono config path = 'C:/Program Files/Unity/Hub/Editor/2021.3.12f1/Editor/Data/MonoBleedingEdge/etc'
Using monoOptions --debugger-agent=transport=dt_socket,embedding=1,server=y,suspend=n,address=127.0.0.1:56704
Begin MonoManager ReloadAssembly
Registering precompiled unity dll's ...
Register platform support module: C:/Program Files/Unity/Hub/Editor/2021.3.12f1/Editor/Data/PlaybackEngines/AndroidPlayer/UnityEditor.Android.Extensions.dll
Register platform support module: C:/Program Files/Unity/Hub/Editor/2021.3.12f1/Editor/Data/PlaybackEngines/WindowsStandaloneSupport/UnityEditor.WindowsStandalone.Extensions.dll
Registered in 0.010407 seconds.
Native extension for WindowsStandalone target not found
Native extension for Android target not found
Refreshing native plugins compatible for Editor in 160.80 ms, found 4 plugins.
Preloading 0 native plugins for Editor in 0.00 ms.
Mono: successfully reloaded assembly
- Completed reload, in  0.823 seconds
Domain Reload Profiling:
	ReloadAssembly (823ms)
		BeginReloadAssembly (95ms)
			ExecutionOrderSort (0ms)
			DisableScriptedObjects (0ms)
			BackupInstance (0ms)
			ReleaseScriptingObjects (0ms)
			CreateAndSetChildDomain (1ms)
		EndReloadAssembly (597ms)
			LoadAssemblies (91ms)
			RebuildTransferFunctionScriptingTraits (0ms)
			SetupTypeCache (116ms)
			ReleaseScriptCaches (0ms)
			RebuildScriptCaches (31ms)
			SetupLoadedEditorAssemblies (390ms)
				LogAssemblyErrors (0ms)
				InitializePlatformSupportModulesInManaged (66ms)
				SetLoadedEditorAssemblies (2ms)
				RefreshPlugins (161ms)
				BeforeProcessingInitializeOnLoad (1ms)
				ProcessInitializeOnLoadAttributes (110ms)
				ProcessInitializeOnLoadMethodAttributes (50ms)
				AfterProcessingInitializeOnLoad (0ms)
				EditorAssembliesLoaded (0ms)
			ExecutionOrderSort2 (0ms)
			AwakeInstancesAfterBackupRestoration (0ms)
Platform modules already initialized, skipping
Registering precompiled user dll's ...
Registered in 0.007057 seconds.
Begin MonoManager ReloadAssembly
Symbol file LoadedFromMemory doesn't match image D:\Git Repositories\YtPlatformer\yt-Platformer\2dPlatformer\Library\PackageCache\com.unity.visualscripting@1.7.8\Editor\VisualScripting.Core\Dependencies\YamlDotNet\Unity.VisualScripting.YamlDotNet.dll
Symbol file LoadedFromMemory doesn't match image D:\Git Repositories\YtPlatformer\yt-Platformer\2dPlatformer\Library\PackageCache\com.unity.visualscripting@1.7.8\Editor\VisualScripting.Core\Dependencies\DotNetZip\Unity.VisualScripting.IonicZip.dll
Native extension for WindowsStandalone target not found
Native extension for Android target not found
Refreshing native plugins compatible for Editor in 149.41 ms, found 4 plugins.
Preloading 0 native plugins for Editor in 0.00 ms.
Mono: successfully reloaded assembly
- Completed reload, in  1.622 seconds
Domain Reload Profiling:
	ReloadAssembly (1623ms)
		BeginReloadAssembly (240ms)
			ExecutionOrderSort (0ms)
			DisableScriptedObjects (7ms)
			BackupInstance (0ms)
			ReleaseScriptingObjects (0ms)
			CreateAndSetChildDomain (134ms)
		EndReloadAssembly (1245ms)
			LoadAssemblies (101ms)
			RebuildTransferFunctionScriptingTraits (0ms)
			SetupTypeCache (302ms)
			ReleaseScriptCaches (1ms)
			RebuildScriptCaches (70ms)
			SetupLoadedEditorAssemblies (719ms)
				LogAssemblyErrors (0ms)
				InitializePlatformSupportModulesInManaged (16ms)
				SetLoadedEditorAssemblies (0ms)
				RefreshPlugins (149ms)
				BeforeProcessingInitializeOnLoad (134ms)
				ProcessInitializeOnLoadAttributes (302ms)
				ProcessInitializeOnLoadMethodAttributes (106ms)
				AfterProcessingInitializeOnLoad (11ms)
				EditorAssembliesLoaded (0ms)
			ExecutionOrderSort2 (0ms)
			AwakeInstancesAfterBackupRestoration (6ms)
Platform modules already initialized, skipping
========================================================================
Worker process is ready to serve import requests
Launched and connected shader compiler UnityShaderCompiler.exe after 0.04 seconds
Refreshing native plugins compatible for Editor in 1.10 ms, found 4 plugins.
Preloading 0 native plugins for Editor in 0.00 ms.
Unloading 5536 Unused Serialized files (Serialized files now loaded: 0)
Unloading 45 unused Assets / (0.7 MB). Loaded Objects now: 5996.
Memory consumption went from 219.4 MB to 218.6 MB.
Total: 4.238100 ms (FindLiveObjects: 0.457500 ms CreateObjectMapping: 0.147400 ms MarkObjects: 3.323000 ms  DeleteObjects: 0.309400 ms)

AssetImportParameters requested are different than current active one (requested -> active):
  custom:video-decoder-ogg-theora: a1e56fd34408186e4bbccfd4996cb3dc -> 
  custom:container-muxer-webm: aa71ff27fc2769a1b78a27578f13a17b -> 
  custom:container-demuxer-webm: 4f35f7cbe854078d1ac9338744f61a02 -> 
  custom:video-encoder-webm-vp8: eb34c28f22e8b96e1ab97ce403110664 -> 
  custom:audio-encoder-webm-vorbis: bf7c407c2cedff20999df2af8eb42d56 -> 
  custom:framework-win-MediaFoundation: 216162199b28c13a410421893ffa2e32 -> 
  custom:container-demuxer-ogg: 62fdf1f143b41e24485cea50d1cbac27 -> 
  custom:video-decoder-webm-vp8: 9c59270c3fd7afecdb556c50c9e8de78 -> 
  custom:audio-decoder-ogg-vorbis: bf7c407c2cedff20999df2af8eb42d56 -> 
========================================================================
Received Import Request.
  Time since last request: 32408.330284 seconds.
  path: Assets/Prefabs/Enemy.prefab
  artifactKey: Guid(c00453d02671c6f43b5622ecaaee3894) Importer(815301076,1909f56bfc062723c751e8b465ee728b)
Start importing Assets/Prefabs/Enemy.prefab using Guid(c00453d02671c6f43b5622ecaaee3894) Importer(815301076,1909f56bfc062723c751e8b465ee728b)  -> (artifact id: '96380ecfe9a574a2b66e5a8d00a1aa13') in 0.173352 seconds 
========================================================================
Received Import Request.
  Time since last request: 1613.065650 seconds.
  path: Assets/Epic Toon FX/Prefabs/Combat/Magic/Aura Soft/AuraSoftBlue.prefab
  artifactKey: Guid(6561be0bdcabd634da8ca71c49c14153) Importer(815301076,1909f56bfc062723c751e8b465ee728b)
Start importing Assets/Epic Toon FX/Prefabs/Combat/Magic/Aura Soft/AuraSoftBlue.prefab using Guid(6561be0bdcabd634da8ca71c49c14153) Importer(815301076,1909f56bfc062723c751e8b465ee728b)  -> (artifact id: '5fd6c5c6477045d993a76e21e4b8ef05') in 0.284139 seconds 
========================================================================
Received Import Request.
  Time since last request: 0.000021 seconds.
  path: Assets/Epic Toon FX/Prefabs/Interactive/Zone/BasicZoneWall/BasicZoneWallBlue.prefab
  artifactKey: Guid(9bab66baa0e42da4588ea5cd25e4f37c) Importer(815301076,1909f56bfc062723c751e8b465ee728b)
Start importing Assets/Epic Toon FX/Prefabs/Interactive/Zone/BasicZoneWall/BasicZoneWallBlue.prefab using Guid(9bab66baa0e42da4588ea5cd25e4f37c) Importer(815301076,1909f56bfc062723c751e8b465ee728b)  -> (artifact id: '1d1c2e6b657ac358e89e8400413bbded') in 0.065441 seconds 
========================================================================
Received Import Request.
  Time since last request: 0.000029 seconds.
  path: Assets/Epic Toon FX/Textures/Text/blam.png
  artifactKey: Guid(883b00317016df94f8308083d83bfa50) Importer(815301076,1909f56bfc062723c751e8b465ee728b)
Start importing Assets/Epic Toon FX/Textures/Text/blam.png using Guid(883b00317016df94f8308083d83bfa50) Importer(815301076,1909f56bfc062723c751e8b465ee728b)  -> (artifact id: '06c1040165ae683782299eeb1e82a837') in 0.127758 seconds 
========================================================================
Received Import Request.
  Time since last request: 0.096457 seconds.
  path: Assets/Epic Toon FX/Prefabs/Environment/Weather/Wind & Leaves/BlowingLeaves.prefab
  artifactKey: Guid(a9bb5993776894d459f46527006acc6b) Importer(815301076,1909f56bfc062723c751e8b465ee728b)
Start importing Assets/Epic Toon FX/Prefabs/Environment/Weather/Wind & Leaves/BlowingLeaves.prefab using Guid(a9bb5993776894d459f46527006acc6b) Importer(815301076,1909f56bfc062723c751e8b465ee728b)  -> (artifact id: '768f20ceab2fcabb46891e99af7d43fc') in 0.237550 seconds 
========================================================================
Received Import Request.
  Time since last request: 0.000019 seconds.
  path: Assets/Epic Toon FX/Materials/Misc/Bubbles/bubble_half_clear_ADD.mat
  artifactKey: Guid(17a51b7e0fd51c541b24cc33e181a0a5) Importer(815301076,1909f56bfc062723c751e8b465ee728b)
Start importing Assets/Epic Toon FX/Materials/Misc/Bubbles/bubble_half_clear_ADD.mat using Guid(17a51b7e0fd51c541b24cc33e181a0a5) Importer(815301076,1909f56bfc062723c751e8b465ee728b)  -> (artifact id: 'd9980d418d2080d08662cc084a4b6d86') in 0.186474 seconds 
========================================================================
Received Import Request.
  Time since last request: 0.000024 seconds.
  path: Assets/Epic Toon FX/Prefabs/Combat/Explosions/BulletFatExplosion/BulletFatExplosionBlue.prefab
  artifactKey: Guid(e7208592fcd84db46be48b5bce0525a5) Importer(815301076,1909f56bfc062723c751e8b465ee728b)
Start importing Assets/Epic Toon FX/Prefabs/Combat/Explosions/BulletFatExplosion/BulletFatExplosionBlue.prefab using Guid(e7208592fcd84db46be48b5bce0525a5) Importer(815301076,1909f56bfc062723c751e8b465ee728b)  -> (artifact id: 'b7a164496d7237d43b06cdce4cadb3ed') in 0.244712 seconds 
========================================================================
Received Import Request.
  Time since last request: 0.000024 seconds.
  path: Assets/Epic Toon FX/Materials/Misc/Bubbles/bubble_half_thick_ADD.mat
  artifactKey: Guid(3c12fe37da4f4054e98dba91f072b734) Importer(815301076,1909f56bfc062723c751e8b465ee728b)
Start importing Assets/Epic Toon FX/Materials/Misc/Bubbles/bubble_half_thick_ADD.mat using Guid(3c12fe37da4f4054e98dba91f072b734) Importer(815301076,1909f56bfc062723c751e8b465ee728b)  -> (artifact id: '76a2d36ee48c51f6cc9f563d2b755c81') in 0.090466 seconds 
========================================================================
Received Import Request.
  Time since last request: 0.000033 seconds.
  path: Assets/Epic Toon FX/Materials/Misc/Bubbles/bubble_round2_ADD.mat
  artifactKey: Guid(daba5687afb2ea24f95d16146dce6cc8) Importer(815301076,1909f56bfc062723c751e8b465ee728b)
Start importing Assets/Epic Toon FX/Materials/Misc/Bubbles/bubble_round2_ADD.mat using Guid(daba5687afb2ea24f95d16146dce6cc8) Importer(815301076,1909f56bfc062723c751e8b465ee728b)  -> (artifact id: 'afa2eb79166d604b12506e6dee1beee0') in 0.056570 seconds 
========================================================================
Received Import Request.
  Time since last request: 0.000021 seconds.
  path: Assets/Epic Toon FX/Materials/Misc/Bubbles/bubble_soap_ADD.mat
  artifactKey: Guid(3be8ddfefd82d4c46aacf35c0e709d9d) Importer(815301076,1909f56bfc062723c751e8b465ee728b)
Start importing Assets/Epic Toon FX/Materials/Misc/Bubbles/bubble_soap_ADD.mat using Guid(3be8ddfefd82d4c46aacf35c0e709d9d) Importer(815301076,1909f56bfc062723c751e8b465ee728b)  -> (artifact id: '1e76b938f155952efca99ea93d34e45f') in 0.054284 seconds 
========================================================================
Received Import Request.
  Time since last request: 0.000019 seconds.
  path: Assets/Epic Toon FX/Prefabs/Environment/Underwater/BubbleBlastBigUnderwater.prefab
  artifactKey: Guid(cb9bf8f7ab7299344a48e3eb96d6a266) Importer(815301076,1909f56bfc062723c751e8b465ee728b)
Start importing Assets/Epic Toon FX/Prefabs/Environment/Underwater/BubbleBlastBigUnderwater.prefab using Guid(cb9bf8f7ab7299344a48e3eb96d6a266) Importer(815301076,1909f56bfc062723c751e8b465ee728b)  -> (artifact id: '753c99c8c7cd91f7b48ea0c393db6a45') in 0.049423 seconds 
========================================================================
Received Import Request.
  Time since last request: 0.000024 seconds.
  path: Assets/Epic Toon FX/Prefabs/Environment/Water/Bubbles/BubbleSimpleTrail.prefab
  artifactKey: Guid(0f180487b63af3d4cb875ae7455d65b4) Importer(815301076,1909f56bfc062723c751e8b465ee728b)
Start importing Assets/Epic Toon FX/Prefabs/Environment/Water/Bubbles/BubbleSimpleTrail.prefab using Guid(0f180487b63af3d4cb875ae7455d65b4) Importer(815301076,1909f56bfc062723c751e8b465ee728b)  -> (artifact id: '8029bbbaf8b8591d92c355dff2438064') in 0.014175 seconds 
